<?xml version="1.0" encoding="UTF-8"?>
<testng-results ignored="0" total="5" passed="5" failed="0" skipped="0">
  <reporter-output>
  </reporter-output>
  <suite started-at="2023-12-23T16:48:47 IST" name="Default suite" finished-at="2023-12-23T16:49:00 IST" duration-ms="13225">
    <groups>
    </groups>
    <test started-at="2023-12-23T16:48:47 IST" name="Default test" finished-at="2023-12-23T16:49:00 IST" duration-ms="13225">
      <class name="com.medicare.Test.RegisterPageTest">
        <test-method is-config="true" signature="InitalizeExtentReport()[pri:0, instance:com.medicare.Test.RegisterPageTest@7ae0a9ec]" started-at="2023-12-23T16:48:47 IST" name="InitalizeExtentReport" finished-at="2023-12-23T16:48:47 IST" duration-ms="421" status="PASS">
          <reporter-output>
          </reporter-output>
        </test-method> <!-- InitalizeExtentReport -->
        <test-method is-config="true" signature="getnameMethod(org.testng.ITestContext)[pri:0, instance:com.medicare.Test.RegisterPageTest@7ae0a9ec]" started-at="2023-12-23T16:48:47 IST" name="getnameMethod" finished-at="2023-12-23T16:48:47 IST" duration-ms="16" status="PASS">
          <params>
            <param index="0">
              <value>
                <![CDATA[org.testng.TestRunner@19b02dfd]]>
              </value>
            </param>
          </params>
          <reporter-output>
          </reporter-output>
        </test-method> <!-- getnameMethod -->
        <test-method is-config="true" signature="start_browser()[pri:0, instance:com.medicare.Test.RegisterPageTest@7ae0a9ec]" started-at="2023-12-23T16:48:47 IST" name="start_browser" finished-at="2023-12-23T16:48:53 IST" depends-on-methods="com.medicare.Scripts.TestBase.getnameMethod" duration-ms="5566" status="PASS">
          <reporter-output>
          </reporter-output>
        </test-method> <!-- start_browser -->
        <test-method signature="test_click_register_link()[pri:49, instance:com.medicare.Test.RegisterPageTest@7ae0a9ec]" started-at="2023-12-23T16:48:53 IST" name="test_click_register_link" finished-at="2023-12-23T16:48:54 IST" duration-ms="1817" status="PASS">
          <reporter-output>
          </reporter-output>
        </test-method> <!-- test_click_register_link -->
        <test-method is-config="true" signature="generateTestStatus(java.lang.reflect.Method,org.testng.ITestResult)[pri:0, instance:com.medicare.Test.RegisterPageTest@7ae0a9ec]" started-at="2023-12-23T16:48:54 IST" name="generateTestStatus" finished-at="2023-12-23T16:48:54 IST" duration-ms="11" status="PASS">
          <params>
            <param index="0">
              <value>
                <![CDATA[public void com.medicare.Test.RegisterPageTest.test_click_register_link() throws java.lang.InterruptedException]]>
              </value>
            </param>
            <param index="1">
              <value>
                <![CDATA[[TestResult name=test_click_register_link status=SUCCESS method=RegisterPageTest.test_click_register_link()[pri:49, instance:com.medicare.Test.RegisterPageTest@7ae0a9ec] output={null}]]]>
              </value>
            </param>
          </params>
          <reporter-output>
          </reporter-output>
        </test-method> <!-- generateTestStatus -->
        <test-method signature="test_getTitle_page()[pri:50, instance:com.medicare.Test.RegisterPageTest@7ae0a9ec]" started-at="2023-12-23T16:48:54 IST" name="test_getTitle_page" finished-at="2023-12-23T16:48:54 IST" duration-ms="19" status="PASS">
          <reporter-output>
          </reporter-output>
        </test-method> <!-- test_getTitle_page -->
        <test-method is-config="true" signature="generateTestStatus(java.lang.reflect.Method,org.testng.ITestResult)[pri:0, instance:com.medicare.Test.RegisterPageTest@7ae0a9ec]" started-at="2023-12-23T16:48:54 IST" name="generateTestStatus" finished-at="2023-12-23T16:48:54 IST" duration-ms="2" status="PASS">
          <params>
            <param index="0">
              <value>
                <![CDATA[public void com.medicare.Test.RegisterPageTest.test_getTitle_page()]]>
              </value>
            </param>
            <param index="1">
              <value>
                <![CDATA[[TestResult name=test_getTitle_page status=SUCCESS method=RegisterPageTest.test_getTitle_page()[pri:50, instance:com.medicare.Test.RegisterPageTest@7ae0a9ec] output={null}]]]>
              </value>
            </param>
          </params>
          <reporter-output>
          </reporter-output>
        </test-method> <!-- generateTestStatus -->
        <test-method signature="Test_register_user()[pri:51, instance:com.medicare.Test.RegisterPageTest@7ae0a9ec]" started-at="2023-12-23T16:48:54 IST" name="Test_register_user" finished-at="2023-12-23T16:49:00 IST" duration-ms="5612" status="PASS">
          <reporter-output>
          </reporter-output>
        </test-method> <!-- Test_register_user -->
        <test-method is-config="true" signature="generateTestStatus(java.lang.reflect.Method,org.testng.ITestResult)[pri:0, instance:com.medicare.Test.RegisterPageTest@7ae0a9ec]" started-at="2023-12-23T16:49:00 IST" name="generateTestStatus" finished-at="2023-12-23T16:49:00 IST" duration-ms="1" status="PASS">
          <params>
            <param index="0">
              <value>
                <![CDATA[public void com.medicare.Test.RegisterPageTest.Test_register_user() throws java.lang.InterruptedException]]>
              </value>
            </param>
            <param index="1">
              <value>
                <![CDATA[[TestResult name=Test_register_user status=SUCCESS method=RegisterPageTest.Test_register_user()[pri:51, instance:com.medicare.Test.RegisterPageTest@7ae0a9ec] output={null}]]]>
              </value>
            </param>
          </params>
          <reporter-output>
          </reporter-output>
        </test-method> <!-- generateTestStatus -->
        <test-method signature="Test_validate_registration_URL()[pri:52, instance:com.medicare.Test.RegisterPageTest@7ae0a9ec]" started-at="2023-12-23T16:49:00 IST" name="Test_validate_registration_URL" finished-at="2023-12-23T16:49:00 IST" duration-ms="16" status="PASS">
          <reporter-output>
          </reporter-output>
        </test-method> <!-- Test_validate_registration_URL -->
        <test-method is-config="true" signature="generateTestStatus(java.lang.reflect.Method,org.testng.ITestResult)[pri:0, instance:com.medicare.Test.RegisterPageTest@7ae0a9ec]" started-at="2023-12-23T16:49:00 IST" name="generateTestStatus" finished-at="2023-12-23T16:49:00 IST" duration-ms="1" status="PASS">
          <params>
            <param index="0">
              <value>
                <![CDATA[public void com.medicare.Test.RegisterPageTest.Test_validate_registration_URL()]]>
              </value>
            </param>
            <param index="1">
              <value>
                <![CDATA[[TestResult name=Test_validate_registration_URL status=SUCCESS method=RegisterPageTest.Test_validate_registration_URL()[pri:52, instance:com.medicare.Test.RegisterPageTest@7ae0a9ec] output={null}]]]>
              </value>
            </param>
          </params>
          <reporter-output>
          </reporter-output>
        </test-method> <!-- generateTestStatus -->
        <test-method signature="Test_validate_registration_Text()[pri:53, instance:com.medicare.Test.RegisterPageTest@7ae0a9ec]" started-at="2023-12-23T16:49:00 IST" name="Test_validate_registration_Text" finished-at="2023-12-23T16:49:00 IST" duration-ms="51" status="PASS">
          <reporter-output>
          </reporter-output>
        </test-method> <!-- Test_validate_registration_Text -->
        <test-method is-config="true" signature="generateTestStatus(java.lang.reflect.Method,org.testng.ITestResult)[pri:0, instance:com.medicare.Test.RegisterPageTest@7ae0a9ec]" started-at="2023-12-23T16:49:00 IST" name="generateTestStatus" finished-at="2023-12-23T16:49:00 IST" duration-ms="3" status="PASS">
          <params>
            <param index="0">
              <value>
                <![CDATA[public void com.medicare.Test.RegisterPageTest.Test_validate_registration_Text()]]>
              </value>
            </param>
            <param index="1">
              <value>
                <![CDATA[[TestResult name=Test_validate_registration_Text status=SUCCESS method=RegisterPageTest.Test_validate_registration_Text()[pri:53, instance:com.medicare.Test.RegisterPageTest@7ae0a9ec] output={null}]]]>
              </value>
            </param>
          </params>
          <reporter-output>
          </reporter-output>
        </test-method> <!-- generateTestStatus -->
        <test-method is-config="true" signature="generateReports()[pri:0, instance:com.medicare.Test.RegisterPageTest@7ae0a9ec]" started-at="2023-12-23T16:49:00 IST" name="generateReports" finished-at="2023-12-23T16:49:03 IST" duration-ms="2960" status="PASS">
          <reporter-output>
          </reporter-output>
        </test-method> <!-- generateReports -->
      </class> <!-- com.medicare.Test.RegisterPageTest -->
    </test> <!-- Default test -->
  </suite> <!-- Default suite -->
</testng-results>
