<?xml version="1.0" encoding="UTF-8"?>
<!-- Generated by org.testng.reporters.JUnitXMLReporter -->
<testsuite ignored="0" hostname="LAPTOP-CF7R0JKV" failures="0" tests="6" name="Default test" time="2.848" errors="0" timestamp="2023-12-23T16:37:24 IST">
  <testcase classname="Medicare.Restassured.GetAllMedicine" name="get_all_products" time="2.08"/>
  <testcase classname="Medicare.Restassured.GetAllMedicine" name="get_all_users" time="0.04"/>
  <testcase classname="Medicare.Restassured.GetAllMedicine" name="add_Product" time="0.556"/>
  <testcase classname="Medicare.Restassured.GetAllMedicine" name="update_ProductName" time="0.03"/>
  <testcase classname="Medicare.Restassured.GetAllMedicine" name="update_ProductStatus" time="0.022"/>
  <testcase classname="Medicare.Restassured.GetAllMedicine" name="deleteProduct" time="0.028"/>
</testsuite> <!-- Default test -->
