<?xml version="1.0" encoding="UTF-8"?>
<!-- Generated by org.testng.reporters.JUnitXMLReporter -->
<testsuite ignored="0" hostname="LAPTOP-CF7R0JKV" failures="0" tests="5" name="Default test" time="13.225" errors="0" timestamp="2023-12-23T16:49:00 IST">
  <testcase classname="com.medicare.Test.RegisterPageTest" name="test_click_register_link" time="1.817"/>
  <testcase classname="com.medicare.Test.RegisterPageTest" name="test_getTitle_page" time="0.019"/>
  <testcase classname="com.medicare.Test.RegisterPageTest" name="Test_register_user" time="5.612"/>
  <testcase classname="com.medicare.Test.RegisterPageTest" name="Test_validate_registration_URL" time="0.016"/>
  <testcase classname="com.medicare.Test.RegisterPageTest" name="Test_validate_registration_Text" time="0.051"/>
</testsuite> <!-- Default test -->
